◇ injected env (0) from .env.local // tip: ⌘ multiple files { path: ['.env.local', '.env'] }

╔════════════════════════════════════════╗
║       J.A.R.V.I.S. ONLINE              ║
║       Port: 3001                       ║
║       Multi-user: ENABLED              ║
║       Vision loop: 30s startup         ║
║       Face monitor: 10s startup        ║
╚════════════════════════════════════════╝

[FACE] Starting face_monitor.py...
[VISION] Continuous vision loop started

[MORNING BRIEFING] Running...

[PROACTIVE BRAIN] Running for Nadav...
[DB] loadUserMemory error: Error connecting to database: TypeError: fetch failed
[PROACTIVE] Error: Connection error.
[VISION] Error: Connection error.
[MORNING BRIEFING] Error: Connection error.
[VISION] Error: Connection error.

[PROACTIVE BRAIN] Running for Nadav...
[VISION] Error: Connection error.
[PROACTIVE] Error: Connection error.
